
**** Build of configuration Debug for project Motor_balance ****

"D:\\Program Files (x86)\\CCSv5\\ccsv5\\utils\\bin\\gmake" -k all 
'Building file: ../dr_dc_motor.c'
'Invoking: MSP430 Compiler'
"D:/Program Files (x86)/CCSv5/ccsv5/tools/compiler/msp430_4.2.7/bin/cl430" -vmsp --abi=eabi --include_path="D:/Program Files (x86)/CCSv5/ccsv5/ccs_base/msp430/include" --include_path="D:/Program Files (x86)/CCSv5/ccsv5/tools/compiler/msp430_4.2.7/include" --advice:power=all -g --define=__MSP430F1611__ --diag_warning=225 --display_error_number --diag_wrap=off --printf_support=minimal --preproc_with_compile --preproc_dependency="dr_dc_motor.pp"  "../dr_dc_motor.c"
"../dr_dc_motor.c", line 40: error #20: identifier "TASSEL__SMCLK" is undefined
"../dr_dc_motor.c", line 40: error #20: identifier "MC__UP" is undefined
"../dr_dc_motor.c", line 51: remark #1546-D: (ULP 15.1) Detected consecutive bitfield assigns. Recommend using bit mask instead
"../dr_dc_motor.c", line 99: remark #1546-D: (ULP 15.1) Detected consecutive bitfield assigns. Recommend using bit mask instead

"../dr_dc_motor.c", line 104: remark #2553-D: (ULP 14.1) Array index (involving "rpm_meas") of type "int". Recommend using "unsigned int"
>> Compilation failure
"../dr_dc_motor.c", line 105: remark #2553-D: (ULP 14.1) Array index (involving "rpm_meas") of type "int". Recommend using "unsigned int"
"../dr_dc_motor.c", line 106: remark #2553-D: (ULP 14.1) Array index (involving "rpm_meas") of type "int". Recommend using "unsigned int"
"../dr_dc_motor.c", line 129: remark #1530-D: (ULP 5.1) Detected divide operation(s). Recommend moving them to RAM during run time or not using as these are processing/power intensive
'Building file: ../dr_lcdseg.c'
2 errors detected in the compilation of "../dr_dc_motor.c".
gmake: *** [dr_dc_motor.obj] Error 1
'Invoking: MSP430 Compiler'
"D:/Program Files (x86)/CCSv5/ccsv5/tools/compiler/msp430_4.2.7/bin/cl430" -vmsp --abi=eabi --include_path="D:/Program Files (x86)/CCSv5/ccsv5/ccs_base/msp430/include" --include_path="D:/Program Files (x86)/CCSv5/ccsv5/tools/compiler/msp430_4.2.7/include" --advice:power=all -g --define=__MSP430F1611__ --diag_warning=225 --display_error_number --diag_wrap=off --printf_support=minimal --preproc_with_compile --preproc_dependency="dr_lcdseg.pp"  "../dr_lcdseg.c"
"../dr_lcdseg.c", line 30: error #20: identifier "LCDBPCTL0" is undefined
"../dr_lcdseg.c", line 32: error #20: identifier "LCDBCTL0" is undefined
"../dr_lcdseg.c", line 32: error #20: identifier "LCDDIV_21" is undefined
"../dr_lcdseg.c", line 32: error #20: identifier "LCDPRE__4" is undefined
"../dr_lcdseg.c", line 32: error #20: identifier "LCD4MUX" is undefined
"../dr_lcdseg.c", line 33: error #20: identifier "LCDBMEMCTL" is undefined
"../dr_lcdseg.c", line 33: error #20: identifier "LCDCLRM" is undefined
"../dr_lcdseg.c", line 34: error #20: identifier "LCDSON" is undefined
"../dr_lcdseg.c", line 34: error #20: identifier "LCDON" is undefined
"../dr_lcdseg.c", line 49: warning #83-D: storage class is not first
"../dr_lcdseg.c", line 52: error #20: identifier "LCDMEM" is undefined
"../dr_lcdseg.c", line 47: remark #2553-D: (ULP 14.1) Array index (involving "value") of type "int". Recommend using "unsigned int"
"../dr_lcdseg.c", line 55: remark #1544-D: (ULP 13.1) Detected loop counting up. Recommend loops count down as detecting zeros is easier
"../dr_lcdseg.c", line 58: remark #2553-D: (ULP 14.1) Array index (involving "i") of type "int". Recommend using "unsigned int"
"../dr_lcdseg.c", line 65: error #20: identifier "LCDMEM" is undefined
"../dr_lcdseg.c", line 70: error #20: identifier "LCDMEM" is undefined

"../dr_lcdseg.c", line 85: remark #1530-D: (ULP 5.1) Detected modulo operation(s). Recommend moving them to RAM during run time or not using as these are processing/power intensive
>> Compilation failure
"../dr_lcdseg.c", line 86: remark #1530-D: (ULP 5.1) Detected divide operation(s). Recommend moving them to RAM during run time or not using as these are processing/power intensive
"../dr_lcdseg.c", line 99: remark #1544-D: (ULP 13.1) Detected loop counting up. Recommend loops count down as detecting zeros is easier
12 errors detected in the compilation of "../dr_lcdseg.c".
gmake: *** [dr_lcdseg.obj] Error 1
'Building file: ../main.c'
'Invoking: MSP430 Compiler'
"D:/Program Files (x86)/CCSv5/ccsv5/tools/compiler/msp430_4.2.7/bin/cl430" -vmsp --abi=eabi --include_path="D:/Program Files (x86)/CCSv5/ccsv5/ccs_base/msp430/include" --include_path="D:/Program Files (x86)/CCSv5/ccsv5/tools/compiler/msp430_4.2.7/include" --advice:power=all -g --define=__MSP430F1611__ --diag_warning=225 --display_error_number --diag_wrap=off --printf_support=minimal --preproc_with_compile --preproc_dependency="main.pp"  "../main.c"
"../main.c", line 11: error #20: identifier "BAKCTL" is undefined
"../main.c", line 11: error #20: identifier "LOCKIO" is undefined
"../main.c", line 13: error #20: identifier "UCSCTL6" is undefined
"../main.c", line 13: error #20: identifier "XT1OFF" is undefined
"../main.c", line 14: error #20: identifier "P7SEL" is undefined
"../main.c", line 16: error #20: identifier "SFRIFG1" is undefined
"../main.c", line 17: error #20: identifier "UCSCTL7" is undefined
"../main.c", line 17: error #20: identifier "DCOFFG" is undefined
"../main.c", line 17: error #20: identifier "XT1LFOFFG" is undefined
"../main.c", line 17: error #20: identifier "XT2OFFG" is undefined
"../main.c", line 21: error #20: identifier "UCSCTL4" is undefined
"../main.c", line 21: error #20: identifier "SELA__XT1CLK" is undefined
"../main.c", line 21: error #20: identifier "SELS__XT2CLK" is undefined
"../main.c", line 21: error #20: identifier "SELM__XT2CLK" is undefined
"../main.c", line 23: error #20: identifier "UCSCTL1" is undefined
"../main.c", line 23: error #20: identifier "DCORSEL_5" is undefined
"../main.c", line 24: error #20: identifier "UCSCTL2" is undefined
"../main.c", line 25: error #20: identifier "UCSCTL3" is undefined
"../main.c", line 25: error #20: identifier "SELREF__XT2CLK" is undefined
"../main.c", line 25: error #20: identifier "FLLREFDIV__16" is undefined
"../main.c", line 27: error #20: identifier "UCSCTL7" is undefined
"../main.c", line 27: error #20: identifier "DCOFFG" is undefined
"../main.c", line 27: error #20: identifier "XT1LFOFFG" is undefined
"../main.c", line 27: error #20: identifier "XT2OFFG" is undefined
"../main.c", line 30: error #20: identifier "UCSCTL5" is undefined
"../main.c", line 30: error #20: identifier "DIVA__1" is undefined
"../main.c", line 30: error #20: identifier "DIVS__1" is undefined
"../main.c", line 30: error #20: identifier "DIVM__1" is undefined
"../main.c", line 31: error #20: identifier "SELM__DCOCLK" is undefined
"../main.c", line 39: error #20: identifier "P7SEL" is undefined
"../main.c", line 41: error #20: identifier "TBSSEL__SMCLK" is undefined
"../main.c", line 41: error #20: identifier "MC__UP" is undefined
"../main.c", line 45: error #20: identifier "ADC12SHS_2" is undefined
"../main.c", line 45: error #20: identifier "ADC12SHP" is undefined
"../main.c", line 45: error #20: identifier "ADC12CONSEQ_1" is undefined
"../main.c", line 46: error #20: identifier "ADC12SREF_0" is undefined
"../main.c", line 46: error #20: identifier "ADC12INCH_15" is undefined
"../main.c", line 46: error #20: identifier "ADC12EOS" is undefined
"../main.c", line 47: error #20: identifier "ADC12MSC" is undefined

>> Compilation failure
"../main.c", line 47: error #20: identifier "ADC12SHT0_8" is undefined
"../main.c", line 47: error #20: identifier "ADC12ENC" is undefined
"../main.c", line 55: error #20: identifier "ADC12ENC" is undefined
"../main.c", line 75: remark #1530-D: (ULP 5.1) Detected divide operation(s). Recommend moving them to RAM during run time or not using as these are processing/power intensive
"../main.c", line 78: remark #1527-D: (ULP 2.1) Detected SW delay loop using __delay_cycles. Recommend using a timer module instead
"../main.c", line 78: remark #1527-D: (ULP 2.1) Detected SW delay loop using __delay_cycles. Recommend using a timer module instead
42 errors detected in the compilation of "../main.c".
gmake: *** [main.obj] Error 1
gmake: Target `all' not remade because of errors.

**** Build Finished ****
